<?xml version="1.0" encoding="UTF-8"?>
<!-- Generated by org.testng.reporters.JUnitReportReporter -->
<testsuite skipped="0" hostname="DS-SYS-SPM-LT1" name="eCommerceProject.eCommerceTest" tests="1" failures="0" timestamp="24 Jul 2017 08:45:48 GMT" time="18.001" errors="0">
  <testcase name="SortMobilePage" time="18.001" classname="eCommerceProject.eCommerceTest"/>
</testsuite> <!-- eCommerceProject.eCommerceTest -->
