<?xml version="1.0" encoding="UTF-8"?>
<!-- Generated by org.testng.reporters.JUnitReportReporter -->
<testsuite skipped="0" hostname="DS-SYS-SPM-LT1" name="eCommerceProject.SaveTestNGResultToExcel" tests="3" failures="0" timestamp="25 Jul 2017 13:30:10 GMT" time="13.432" errors="0">
  <testcase name="LaunchWebsite" time="6.662" classname="eCommerceProject.SaveTestNGResultToExcel"/>
  <testcase name="FillLoginDetails" time="1.369" classname="eCommerceProject.SaveTestNGResultToExcel"/>
  <testcase name="DoLogin" time="5.401" classname="eCommerceProject.SaveTestNGResultToExcel"/>
</testsuite> <!-- eCommerceProject.SaveTestNGResultToExcel -->
