<?xml version="1.0" encoding="UTF-8"?>
<!-- Generated by org.testng.reporters.JUnitReportReporter -->
<testsuite skipped="0" hostname="DS-SYS-SPM-LT1" name="eCommerceProject.CompareTwoPhones" tests="1" failures="0" timestamp="24 Jul 2017 11:35:15 GMT" time="16.589" errors="0">
  <testcase name="compareTwoPhones" time="16.589" classname="eCommerceProject.CompareTwoPhones"/>
</testsuite> <!-- eCommerceProject.CompareTwoPhones -->
