<?xml version="1.0" encoding="UTF-8"?>
<!-- Generated by org.testng.reporters.JUnitReportReporter -->
<testsuite skipped="0" hostname="DS-SYS-SPM-LT1" name="cashOpsPackage.AddCITVehicles" tests="1" failures="0" timestamp="03 Aug 2017 10:36:58 GMT" time="2.486" errors="0">
  <testcase name="addCITVehicle" time="2.486" classname="cashOpsPackage.AddCITVehicles"/>
</testsuite> <!-- cashOpsPackage.AddCITVehicles -->
