<?xml version="1.0" encoding="UTF-8"?>
<!-- Generated by org.testng.reporters.JUnitReportReporter -->
<testsuite skipped="0" hostname="DS-SYS-SPM-LT1" name="cashOpsPackage.GenerateBillingTransactionsReport" tests="3" failures="0" timestamp="25 Jul 2017 13:00:27 GMT" time="33.462" errors="0">
  <testcase name="NegativeTestCaseUserLogin" time="5.223" classname="cashOpsPackage.GenerateBillingTransactionsReport"/>
  <testcase name="PositiveTestCaseUserLogin" time="4.034" classname="cashOpsPackage.GenerateBillingTransactionsReport"/>
  <testcase name="GenerateBillingTransactions" time="24.205" classname="cashOpsPackage.GenerateBillingTransactionsReport"/>
</testsuite> <!-- cashOpsPackage.GenerateBillingTransactionsReport -->
