<?xml version="1.0" encoding="UTF-8"?>
<!-- Generated by org.testng.reporters.JUnitReportReporter -->
<testsuite skipped="0" hostname="DS-SYS-SPM-LT1" name="cashOpsPackage.PhysicalCount" tests="1" failures="0" timestamp="27 Jul 2017 07:13:14 GMT" time="37.374" errors="0">
  <testcase name="CashOpsPhysicalCount" time="37.374" classname="cashOpsPackage.PhysicalCount"/>
</testsuite> <!-- cashOpsPackage.PhysicalCount -->
