<?xml version="1.0" encoding="UTF-8"?>
<!-- Generated by org.testng.reporters.JUnitReportReporter -->
<testsuite skipped="0" hostname="DS-SYS-SPM-LT1" name="cashOpsPackage.CashCentreEFTReport" tests="3" failures="0" timestamp="25 Jul 2017 12:59:12 GMT" time="9.315" errors="0">
  <testcase name="NegativeTestCaseUserLogin" time="5.256" classname="cashOpsPackage.CashCentreEFTReport"/>
  <testcase name="PositiveTestCaseUserLogin" time="4.058" classname="cashOpsPackage.CashCentreEFTReport"/>
  <testcase name="CashCentreEFT" time="0.001" classname="cashOpsPackage.CashCentreEFTReport"/>
</testsuite> <!-- cashOpsPackage.CashCentreEFTReport -->
