<?xml version="1.0" encoding="UTF-8"?>
<!-- Generated by org.testng.reporters.JUnitReportReporter -->
<testsuite skipped="0" hostname="DS-SYS-INT-LT" name="CashOps.CashCentreEFTReport" tests="3" failures="0" timestamp="11 Jul 2017 11:37:51 GMT" time="34.698" errors="0">
  <testcase name="NegativeTestCaseUserLogin" time="5.580" classname="CashOps.CashCentreEFTReport"/>
  <testcase name="PositiveTestCaseUserLogin" time="4.566" classname="CashOps.CashCentreEFTReport"/>
  <testcase name="CashCentreEFT" time="24.552" classname="CashOps.CashCentreEFTReport"/>
</testsuite> <!-- CashOps.CashCentreEFTReport -->
