<?xml version="1.0" encoding="UTF-8"?>
<!-- Generated by org.testng.reporters.JUnitReportReporter -->
<testsuite skipped="0" hostname="DS-SYS-INT-LT" name="CopsPackage.CashOpsTest" tests="2" failures="0" timestamp="07 Jul 2017 12:59:26 GMT" time="6.700" errors="0">
  <testcase name="loginValidation" time="3.501" classname="CopsPackage.CashOpsTest"/>
  <testcase name="login" time="3.199" classname="CopsPackage.CashOpsTest"/>
</testsuite> <!-- CopsPackage.CashOpsTest -->
