<?xml version="1.0" encoding="UTF-8"?>
<!-- Generated by org.testng.reporters.JUnitReportReporter -->
<testsuite skipped="0" hostname="DS-SYS-SPM-LT1" name="clientZone.AddUserjava" tests="6" failures="0" timestamp="14 Aug 2017 12:23:03 GMT" time="52.508" errors="0">
  <testcase name="LaunchWebsite" time="12.222" classname="clientZone.AddUserjava"/>
  <testcase name="FillLoginDetails" time="5.667" classname="clientZone.AddUserjava"/>
  <testcase name="DoLogin" time="10.745" classname="clientZone.AddUserjava"/>
  <testcase name="UsersTab" time="3.937" classname="clientZone.AddUserjava"/>
  <testcase name="AddUserTab" time="3.732" classname="clientZone.AddUserjava"/>
  <testcase name="FillInUserDetails" time="16.205" classname="clientZone.AddUserjava"/>
</testsuite> <!-- clientZone.AddUserjava -->
