<?xml version="1.0" encoding="UTF-8"?>
<!-- Generated by org.testng.reporters.JUnitReportReporter -->
<testsuite skipped="0" hostname="DS-SYS-SPM-LT1" name="clientZone.VerifyCardAdministatorRoles" tests="6" failures="0" timestamp="14 Aug 2017 12:23:04 GMT" time="44.505" errors="0">
  <testcase name="LaunchWebsite" time="15.072" classname="clientZone.VerifyCardAdministatorRoles"/>
  <testcase name="FillLoginFirstTimeDetails" time="5.707" classname="clientZone.VerifyCardAdministatorRoles"/>
  <testcase name="DoFirstTimeLogin" time="3.561" classname="clientZone.VerifyCardAdministatorRoles"/>
  <testcase name="ChangePassword" time="9.390" classname="clientZone.VerifyCardAdministatorRoles"/>
  <testcase name="FillLoginSecondTimeDetails" time="4.842" classname="clientZone.VerifyCardAdministatorRoles"/>
  <testcase name="DoSecondTimeLogin" time="5.933" classname="clientZone.VerifyCardAdministatorRoles"/>
</testsuite> <!-- clientZone.VerifyCardAdministatorRoles -->
