<?xml version="1.0" encoding="UTF-8"?>
<!-- Generated by org.testng.reporters.JUnitReportReporter -->
<testsuite skipped="0" hostname="DS-SYS-SPM-LT1" name="clientZone.SprintTestCases" tests="3" failures="0" timestamp="26 Jul 2017 07:35:28 GMT" time="7.640" errors="0">
  <testcase name="LaunchWebsite" time="5.385" classname="clientZone.SprintTestCases"/>
  <testcase name="FillLoginDetails" time="1.175" classname="clientZone.SprintTestCases"/>
  <testcase name="DoLogin" time="1.080" classname="clientZone.SprintTestCases"/>
</testsuite> <!-- clientZone.SprintTestCases -->
