<?xml version="1.0" encoding="UTF-8"?>
<!-- Generated by org.testng.reporters.JUnitReportReporter -->
<testsuite skipped="0" hostname="DS-SYS-SPM-LT1" name="clientZone.CashOpsManualTransactions03" tests="6" failures="0" timestamp="24 Aug 2017 14:27:28 GMT" time="18.348" errors="0">
  <testcase name="LaunchWebsite" time="7.244" classname="clientZone.CashOpsManualTransactions03"/>
  <testcase name="FillLoginDetails" time="0.774" classname="clientZone.CashOpsManualTransactions03"/>
  <testcase name="DoLogin" time="2.377" classname="clientZone.CashOpsManualTransactions03"/>
  <testcase name="UsersTab" time="1.369" classname="clientZone.CashOpsManualTransactions03"/>
  <testcase name="SearchTrans" time="6.583" classname="clientZone.CashOpsManualTransactions03"/>
  <testcase name="incrementValues" time="0.001" classname="clientZone.CashOpsManualTransactions03"/>
</testsuite> <!-- clientZone.CashOpsManualTransactions03 -->
