<?xml version="1.0" encoding="UTF-8"?>
<!-- Generated by org.testng.reporters.JUnitReportReporter -->
<testsuite skipped="0" hostname="DS-SYS-SPM-LT1" name="clientZone.CardNameEditor" tests="6" failures="0" timestamp="26 Jul 2017 09:25:17 GMT" time="14.878" errors="0">
  <testcase name="LaunchWebsite" time="4.477" classname="clientZone.CardNameEditor"/>
  <testcase name="FillLoginDetails" time="2.029" classname="clientZone.CardNameEditor"/>
  <testcase name="DoLogin" time="1.397" classname="clientZone.CardNameEditor"/>
  <testcase name="UsersTab" time="1.416" classname="clientZone.CardNameEditor"/>
  <testcase name="AddUserTab" time="1.404" classname="clientZone.CardNameEditor"/>
  <testcase name="FillInUserDetails" time="4.155" classname="clientZone.CardNameEditor"/>
</testsuite> <!-- clientZone.CardNameEditor -->
